<?xml version="1.0" encoding="UTF-8"?>
<testng-results skipped="0" failed="0" total="2" passed="2">
  <reporter-output>
  </reporter-output>
  <suite name="Suite" duration-ms="13892" started-at="2020-08-19T09:50:58Z" finished-at="2020-08-19T09:51:12Z">
    <groups>
    </groups>
    <test name="Test" duration-ms="13892" started-at="2020-08-19T09:50:58Z" finished-at="2020-08-19T09:51:12Z">
      <class name="Fargo.End2EndTesting.BaseTest">
        <test-method status="PASS" signature="launchBrowser()[pri:0, instance:Fargo.End2EndTesting.BaseTest@6b143ee9]" name="launchBrowser" duration-ms="11424" started-at="2020-08-19T15:20:58Z" finished-at="2020-08-19T15:21:10Z">
          <reporter-output>
          </reporter-output>
        </test-method> <!-- launchBrowser -->
        <test-method status="PASS" signature="login()[pri:0, instance:Fargo.End2EndTesting.BaseTest@6b143ee9]" name="login" duration-ms="1259" started-at="2020-08-19T15:21:10Z" finished-at="2020-08-19T15:21:11Z">
          <reporter-output>
          </reporter-output>
        </test-method> <!-- login -->
        <test-method status="PASS" signature="closeBrowser()[pri:0, instance:Fargo.End2EndTesting.BaseTest@6b143ee9]" name="closeBrowser" is-config="true" duration-ms="1163" started-at="2020-08-19T15:21:11Z" finished-at="2020-08-19T15:21:12Z">
          <reporter-output>
          </reporter-output>
        </test-method> <!-- closeBrowser -->
      </class> <!-- Fargo.End2EndTesting.BaseTest -->
    </test> <!-- Test -->
  </suite> <!-- Suite -->
</testng-results>
