<?xml version="1.0" encoding="UTF-8"?>
<testng-results skipped="0" failed="0" total="2" passed="2">
  <reporter-output>
  </reporter-output>
  <suite name="Suite" duration-ms="8761" started-at="2020-08-10T13:42:58Z" finished-at="2020-08-10T13:43:07Z">
    <groups>
    </groups>
    <test name="Test" duration-ms="8761" started-at="2020-08-10T13:42:58Z" finished-at="2020-08-10T13:43:07Z">
      <class name="Fargo.End2EndTesting.BaseTest">
        <test-method status="PASS" signature="launchBrowser()[pri:0, instance:Fargo.End2EndTesting.BaseTest@6b143ee9]" name="launchBrowser" duration-ms="7012" started-at="2020-08-10T19:12:58Z" finished-at="2020-08-10T19:13:05Z">
          <reporter-output>
          </reporter-output>
        </test-method> <!-- launchBrowser -->
        <test-method status="PASS" signature="login()[pri:0, instance:Fargo.End2EndTesting.BaseTest@6b143ee9]" name="login" duration-ms="863" started-at="2020-08-10T19:13:05Z" finished-at="2020-08-10T19:13:06Z">
          <reporter-output>
          </reporter-output>
        </test-method> <!-- login -->
        <test-method status="PASS" signature="closeBrowser()[pri:0, instance:Fargo.End2EndTesting.BaseTest@6b143ee9]" name="closeBrowser" is-config="true" duration-ms="864" started-at="2020-08-10T19:13:06Z" finished-at="2020-08-10T19:13:07Z">
          <reporter-output>
          </reporter-output>
        </test-method> <!-- closeBrowser -->
      </class> <!-- Fargo.End2EndTesting.BaseTest -->
    </test> <!-- Test -->
  </suite> <!-- Suite -->
</testng-results>
