<?xml version="1.0" encoding="UTF-8"?>
<testng-results skipped="0" failed="0" total="2" passed="2">
  <reporter-output>
  </reporter-output>
  <suite name="Suite" duration-ms="11371" started-at="2020-08-04T10:58:37Z" finished-at="2020-08-04T10:58:49Z">
    <groups>
    </groups>
    <test name="Test" duration-ms="11371" started-at="2020-08-04T10:58:37Z" finished-at="2020-08-04T10:58:49Z">
      <class name="Fargo.End2EndTesting.BaseTest">
        <test-method status="PASS" signature="launchBrowser()[pri:0, instance:Fargo.End2EndTesting.BaseTest@725bef66]" name="launchBrowser" duration-ms="9310" started-at="2020-08-04T16:28:37Z" finished-at="2020-08-04T16:28:47Z">
          <reporter-output>
          </reporter-output>
        </test-method> <!-- launchBrowser -->
        <test-method status="PASS" signature="login()[pri:0, instance:Fargo.End2EndTesting.BaseTest@725bef66]" name="login" duration-ms="997" started-at="2020-08-04T16:28:47Z" finished-at="2020-08-04T16:28:48Z">
          <reporter-output>
          </reporter-output>
        </test-method> <!-- login -->
        <test-method status="PASS" signature="closeBrowser()[pri:0, instance:Fargo.End2EndTesting.BaseTest@725bef66]" name="closeBrowser" is-config="true" duration-ms="1008" started-at="2020-08-04T16:28:48Z" finished-at="2020-08-04T16:28:49Z">
          <reporter-output>
          </reporter-output>
        </test-method> <!-- closeBrowser -->
      </class> <!-- Fargo.End2EndTesting.BaseTest -->
    </test> <!-- Test -->
  </suite> <!-- Suite -->
</testng-results>
